<?xml version="1.0" encoding="UTF-8"?>
<!-- Generated by org.testng.reporters.JUnitReportReporter -->
<testsuite hostname="LAPTOP-H07QENVF" failures="0" tests="2" name="UsuarioTest" time="0.101" errors="0" timestamp="2021-07-26T18:20:35 PET" skipped="0">
  <testcase classname="UsuarioTest" name="test1" time="0.086"/>
  <system-out/>
  <testcase classname="UsuarioTest" name="test2" time="0.015"/>
  <system-out/>
</testsuite> <!-- UsuarioTest -->
