<?xml version="1.0" encoding="UTF-8"?>
<!-- Generated by org.testng.reporters.JUnitReportReporter -->
<testsuite hostname="LAPTOP-H07QENVF" failures="0" tests="2" name="UsuarioTest" time="0.112" errors="0" timestamp="2021-07-26T18:34:22 PET" skipped="0">
  <testcase classname="UsuarioTest" name="test1" time="0.066"/>
  <system-out/>
  <testcase classname="UsuarioTest" name="test2" time="0.046"/>
  <system-out/>
</testsuite> <!-- UsuarioTest -->
